#
# A fatal error has been detected by the Java Runtime Environment:
#
#  EXCEPTION_ACCESS_VIOLATION (0xc0000005) at pc=0xffffffffa4425120, pid=3924, tid=0x00000000000010e4
#
# JRE version: OpenJDK Runtime Environment (8.0_76-b03) (build 1.8.0_76-release-b03)
# Java VM: OpenJDK 64-Bit Server VM (25.76-b03 mixed mode windows-amd64 compressed oops)
# Problematic frame:
# C  0xffffffffa4425120
#
# Failed to write core dump. Minidumps are not enabled by default on client versions of Windows
#
# If you would like to submit a bug report, please visit:
#   http://bugreport.java.com/bugreport/crash.jsp
#

---------------  T H R E A D  ---------------

Current thread (0x000000005d096000):  JavaThread "pool-13-thread-3" [_thread_in_Java, id=4324, stack(0x00000000615f0000,0x00000000616f0000)]

siginfo: ExceptionCode=0xc0000005, ExceptionInformation=0x0000000000000008 0xffffffffa4425120

Registers:
RAX=0x0000000015b66c98, RBX=0x0000000061b122c8, RCX=0x00000000ea8ff028, RDX=0x00000000eaaf5d50
RSP=0x00000000616eea08, RBP=0x00000000616eead8, RSI=0x00000000ea8ff028, RDI=0x0000000000001c90
R8 =0x00000000000002ce, R9 =0x00000000eb58bed0, R10=0x0000000015b66c98, R11=0x00000000000007bb
R12=0x0000000000000000, R13=0x00000000616eea88, R14=0x00000000616eeb38, R15=0x000000005d096000
RIP=0xffffffffa4425120, EFLAGS=0x0000000000010246

Top of Stack: (sp=0x00000000616eea08)
0x00000000616eea08:   0000000003308c34 00000000ea8ff028
0x00000000616eea18:   00000007000002ce 00000000616eead8
0x00000000616eea28:   0000000002baaa34 00000000eb58bb80
0x00000000616eea38:   0000000002cab2c4 00000000eb348160
0x00000000616eea48:   00000000ea8ff028 0000000000000178
0x00000000616eea58:   00000000eb58f0c8 00000000616eead8
0x00000000616eea68:   0000000002427790 00000000616eead8
0x00000000616eea78:   00000000024271e0 00000000024271e0
0x00000000616eea88:   00000000eb348160 00000000ea8ff028
0x00000000616eea98:   00000000616eea98 0000000061b45e37
0x00000000616eeaa8:   00000000616eeb38 0000000061b46aa8
0x00000000616eeab8:   0000000000000000 0000000061b45fb0
0x00000000616eeac8:   00000000616eea88 00000000616eeb38
0x00000000616eead8:   00000000616eeb80 0000000002427790
0x00000000616eeae8:   0000000000000000 00000000a005ff50
0x00000000616eeaf8:   00000000e8a69528 00000000e8a69528 

Instructions: (pc=0xffffffffa4425120)
0xffffffffa4425100:   
[error occurred during error reporting (printing registers, top of stack, instructions near pc), id 0xc0000005]

Register to memory mapping:

RAX=0x0000000015b66c98 is pointing into metadata
RBX={method} {0x0000000061b122d0} 'isRegALocal' '(Lcom/android/dx/rop/code/RegisterSpec;)Z' in 'com/android/dx/ssa/SsaMethod'
RCX=0x00000000ea8ff028 is an oop
com.android.dx.ssa.SsaMethod 
 - klass: 'com/android/dx/ssa/SsaMethod'
RDX=0x00000000eaaf5d50 is an oop
com.android.dx.ssa.NormalSsaInsn 
 - klass: 'com/android/dx/ssa/NormalSsaInsn'
RSP=0x00000000616eea08 is pointing into the stack for thread: 0x000000005d096000
RBP=0x00000000616eead8 is pointing into the stack for thread: 0x000000005d096000
RSI=0x00000000ea8ff028 is an oop
com.android.dx.ssa.SsaMethod 
 - klass: 'com/android/dx/ssa/SsaMethod'
RDI=0x0000000000001c90 is an unknown value
R8 =0x00000000000002ce is an unknown value
R9 =0x00000000eb58bed0 is an oop
java.util.HashMap$Node 
 - klass: 'java/util/HashMap$Node'
R10=0x0000000015b66c98 is pointing into metadata
R11=0x00000000000007bb is an unknown value
R12=0x0000000000000000 is an unknown value
R13=0x00000000616eea88 is pointing into the stack for thread: 0x000000005d096000
R14=0x00000000616eeb38 is pointing into the stack for thread: 0x000000005d096000
R15=0x000000005d096000 is a thread


Stack: [0x00000000615f0000,0x00000000616f0000],  sp=0x00000000616eea08,  free space=1018k
Native frames: (J=compiled Java code, j=interpreted, Vv=VM code, C=native code)
C  0xffffffffa4425120


---------------  P R O C E S S  ---------------

Java Threads: ( => current thread )
  0x000000005b6b1800 JavaThread "pool-10-thread-4" [_thread_blocked, id=4352, stack(0x0000000061d90000,0x0000000061e90000)]
  0x000000005b6b1000 JavaThread "pool-10-thread-3" [_thread_blocked, id=1708, stack(0x0000000061790000,0x0000000061890000)]
  0x00000000576be000 JavaThread "pool-10-thread-2" [_thread_in_vm, id=3676, stack(0x00000000618d0000,0x00000000619d0000)]
=>0x000000005d096000 JavaThread "pool-13-thread-3" [_thread_in_Java, id=4324, stack(0x00000000615f0000,0x00000000616f0000)]
  0x000000005d09c000 JavaThread "pool-11-thread-1" [_thread_blocked, id=4176, stack(0x0000000061400000,0x0000000061500000)]
  0x000000005d09b000 JavaThread "pool-10-thread-1" [_thread_blocked, id=4708, stack(0x00000000612d0000,0x00000000613d0000)]
  0x000000005d09a800 JavaThread "pool-14-thread-1" [_thread_blocked, id=4760, stack(0x0000000061080000,0x0000000061180000)]
  0x000000005d099000 JavaThread "pool-8-thread-1" [_thread_blocked, id=4604, stack(0x0000000059ca0000,0x0000000059da0000)]
  0x000000005d098000 JavaThread "pool-8-thread-2" [_thread_blocked, id=4388, stack(0x0000000060cc0000,0x0000000060dc0000)]
  0x000000005d097800 JavaThread "pool-5-thread-2" [_thread_blocked, id=4792, stack(0x0000000060b10000,0x0000000060c10000)]
  0x000000005d096800 JavaThread "pool-5-thread-1" [_thread_blocked, id=3540, stack(0x000000005eff0000,0x000000005f0f0000)]
  0x00000000576bd000 JavaThread "Stdin handler" [_thread_blocked, id=4228, stack(0x000000005ec80000,0x000000005ed80000)]
  0x00000000576bc800 JavaThread "Asynchronous log dispatcher for org.gradle.launcher.daemon.server.DefaultDaemonConnection@2a64d3db" [_thread_blocked, id=1788, stack(0x00000000594c0000,0x00000000595c0000)]
  0x00000000576bb800 JavaThread "Daemon worker Thread 2" [_thread_blocked, id=4900, stack(0x0000000059dc0000,0x0000000059ec0000)]
  0x00000000576bb000 JavaThread "Cancel handler" [_thread_blocked, id=2588, stack(0x00000000599a0000,0x0000000059aa0000)]
  0x0000000058ea1000 JavaThread "Handler for socket connection from /127.0.0.1:51039 to /127.0.0.1:51080" [_thread_in_native, id=4516, stack(0x00000000596e0000,0x00000000597e0000)]
  0x0000000058ea0800 JavaThread "Daemon Thread 2" [_thread_blocked, id=3376, stack(0x0000000059830000,0x0000000059930000)]
  0x0000000058e5d000 JavaThread "File lock request listener" [_thread_in_native, id=2436, stack(0x0000000059b90000,0x0000000059c90000)]
  0x000000005832a800 JavaThread "pool-1-thread-1" [_thread_blocked, id=3488, stack(0x00000000595e0000,0x00000000596e0000)]
  0x00000000582f2800 JavaThread "Incoming local TCP Connector on port 51039" [_thread_in_native, id=4100, stack(0x00000000591c0000,0x00000000592c0000)]
  0x0000000055bee800 JavaThread "Service Thread" daemon [_thread_blocked, id=3484, stack(0x0000000057160000,0x0000000057260000)]
  0x0000000055bea800 JavaThread "C1 CompilerThread1" daemon [_thread_blocked, id=1348, stack(0x0000000057010000,0x0000000057110000)]
  0x0000000055be8000 JavaThread "C2 CompilerThread0" daemon [_thread_blocked, id=1820, stack(0x00000000565f0000,0x00000000566f0000)]
  0x0000000055be7000 JavaThread "Attach Listener" daemon [_thread_blocked, id=600, stack(0x0000000056c30000,0x0000000056d30000)]
  0x0000000055bf6000 JavaThread "Signal Dispatcher" daemon [_thread_blocked, id=2004, stack(0x0000000056d90000,0x0000000056e90000)]
  0x0000000055bcd800 JavaThread "Finalizer" daemon [_thread_blocked, id=2848, stack(0x0000000056af0000,0x0000000056bf0000)]
  0x0000000055b84800 JavaThread "Reference Handler" daemon [_thread_blocked, id=2748, stack(0x0000000056900000,0x0000000056a00000)]
  0x0000000001e6d800 JavaThread "main" [_thread_blocked, id=1352, stack(0x0000000002050000,0x0000000002150000)]

Other Threads:
  0x0000000055b7a800 VMThread [stack: 0x0000000056720000,0x0000000056820000] [id=3284]
  0x0000000055bf8000 WatcherThread [stack: 0x0000000056e90000,0x0000000056f90000] [id=1468]

VM state:synchronizing (normal execution)

VM Mutex/Monitor currently owned by a thread:  ([mutex/lock_event])
[0x0000000001e6bc30] Safepoint_lock - owner thread: 0x0000000055b7a800
[0x0000000001e6bcb0] Threads_lock - owner thread: 0x0000000055b7a800

Heap:
 PSYoungGen      total 263680K, used 186103K [0x00000000e0000000, 0x00000000f1800000, 0x0000000100000000)
  eden space 252928K, 73% used [0x00000000e0000000,0x00000000eb5bdd70,0x00000000ef700000)
  from space 10752K, 0% used [0x00000000f0d80000,0x00000000f0d80000,0x00000000f1800000)
  to   space 16896K, 0% used [0x00000000ef700000,0x00000000ef700000,0x00000000f0780000)
 ParOldGen       total 99328K, used 51384K [0x00000000a0000000, 0x00000000a6100000, 0x00000000e0000000)
  object space 99328K, 51% used [0x00000000a0000000,0x00000000a322e160,0x00000000a6100000)
 Metaspace       used 67347K, capacity 70006K, committed 70192K, reserved 1110016K
  class space    used 8841K, capacity 9436K, committed 9520K, reserved 1048576K

Card table byte_map: [0x00000000117e0000,0x0000000011af0000] byte_map_base: 0x00000000112e0000

Marking Bits: (ParMarkBitMap*) 0x000000005b599d00
 Begin Bits: [0x0000000011f50000, 0x0000000013750000)
 End Bits:   [0x0000000013750000, 0x0000000014f50000)

Polling page: 0x0000000000310000

CodeCache: size=245760Kb used=34047Kb max_used=34058Kb free=211712Kb
 bounds [0x0000000002420000, 0x0000000004590000, 0x0000000011420000]
 total_blobs=10812 nmethods=10068 adapters=657
 compilation: enabled

Compilation events (10 events):
Event: 298.838 Thread 0x0000000055be8000 nmethod 11860 0x000000000456f350 code [0x000000000456f4a0, 0x000000000456f6f8]
Event: 298.838 Thread 0x0000000055be8000 11908       4       com.android.dx.ssa.RegisterMapper::map (63 bytes)
Event: 298.839 Thread 0x0000000055bea800 nmethod 11914% 0x0000000004581450 code [0x0000000004581800, 0x0000000004583d38]
Event: 298.839 Thread 0x0000000055bea800 11915       3       com.android.dx.ssa.SsaMethod::computeReachability (131 bytes)
Event: 298.841 Thread 0x0000000055bea800 nmethod 11915 0x0000000004585150 code [0x0000000004585500, 0x0000000004587a48]
Event: 298.847 Thread 0x0000000055be8000 nmethod 11908 0x000000000456e590 code [0x000000000456e720, 0x000000000456ec78]
Event: 298.847 Thread 0x0000000055be8000 11913       4       com.android.dx.ssa.NormalSsaInsn::hasSideEffect (76 bytes)
Event: 298.850 Thread 0x0000000055be8000 nmethod 11913 0x000000000458a590 code [0x000000000458a6e0, 0x000000000458a838]
Event: 298.850 Thread 0x0000000055be8000 11865       4       com.android.dx.ssa.NormalSsaInsn::getLocalAssignment (54 bytes)
Event: 298.852 Thread 0x0000000055be8000 nmethod 11865 0x000000000456d450 code [0x000000000456d5a0, 0x000000000456d698]

GC Heap History (10 events):
Event: 31.229 GC heap before
{Heap before GC invocations=14 (full 2):
 PSYoungGen      total 168448K, used 70264K [0x00000000e0000000, 0x00000000ee780000, 0x0000000100000000)
  eden space 155648K, 36% used [0x00000000e0000000,0x00000000e38261d8,0x00000000e9800000)
  from space 12800K, 99% used [0x00000000e9800000,0x00000000ea478010,0x00000000ea480000)
  to   space 18432K, 0% used [0x00000000ed580000,0x00000000ed580000,0x00000000ee780000)
 ParOldGen       total 53248K, used 30912K [0x00000000a0000000, 0x00000000a3400000, 0x00000000e0000000)
  object space 53248K, 58% used [0x00000000a0000000,0x00000000a1e30138,0x00000000a3400000)
 Metaspace       used 51647K, capacity 53538K, committed 53680K, reserved 1095680K
  class space    used 7097K, capacity 7542K, committed 7600K, reserved 1048576K
Event: 31.306 GC heap after
Heap after GC invocations=14 (full 2):
 PSYoungGen      total 217600K, used 7099K [0x00000000e0000000, 0x00000000ee680000, 0x0000000100000000)
  eden space 200192K, 0% used [0x00000000e0000000,0x00000000e0000000,0x00000000ec380000)
  from space 17408K, 40% used [0x00000000ed580000,0x00000000edc6edc0,0x00000000ee680000)
  to   space 17920K, 0% used [0x00000000ec380000,0x00000000ec380000,0x00000000ed500000)
 ParOldGen       total 53248K, used 43578K [0x00000000a0000000, 0x00000000a3400000, 0x00000000e0000000)
  object space 53248K, 81% used [0x00000000a0000000,0x00000000a2a8e9a0,0x00000000a3400000)
 Metaspace       used 51647K, capacity 53538K, committed 53680K, reserved 1095680K
  class space    used 7097K, capacity 7542K, committed 7600K, reserved 1048576K
}
Event: 31.306 GC heap before
{Heap before GC invocations=15 (full 3):
 PSYoungGen      total 217600K, used 7099K [0x00000000e0000000, 0x00000000ee680000, 0x0000000100000000)
  eden space 200192K, 0% used [0x00000000e0000000,0x00000000e0000000,0x00000000ec380000)
  from space 17408K, 40% used [0x00000000ed580000,0x00000000edc6edc0,0x00000000ee680000)
  to   space 17920K, 0% used [0x00000000ec380000,0x00000000ec380000,0x00000000ed500000)
 ParOldGen       total 53248K, used 43578K [0x00000000a0000000, 0x00000000a3400000, 0x00000000e0000000)
  object space 53248K, 81% used [0x00000000a0000000,0x00000000a2a8e9a0,0x00000000a3400000)
 Metaspace       used 51647K, capacity 53538K, committed 53680K, reserved 1095680K
  class space    used 7097K, capacity 7542K, committed 7600K, reserved 1048576K
Event: 32.897 GC heap after
Heap after GC invocations=15 (full 3):
 PSYoungGen      total 217600K, used 0K [0x00000000e0000000, 0x00000000ee680000, 0x0000000100000000)
  eden space 200192K, 0% used [0x00000000e0000000,0x00000000e0000000,0x00000000ec380000)
  from space 17408K, 0% used [0x00000000ed580000,0x00000000ed580000,0x00000000ee680000)
  to   space 17920K, 0% used [0x00000000ec380000,0x00000000ec380000,0x00000000ed500000)
 ParOldGen       total 53248K, used 40332K [0x00000000a0000000, 0x00000000a3400000, 0x00000000e0000000)
  object space 53248K, 75% used [0x00000000a0000000,0x00000000a2763130,0x00000000a3400000)
 Metaspace       used 51647K, capacity 53538K, committed 53680K, reserved 1095680K
  class space    used 7097K, capacity 7542K, committed 7600K, reserved 1048576K
}
Event: 285.232 GC heap before
{Heap before GC invocations=16 (full 3):
 PSYoungGen      total 217600K, used 200192K [0x00000000e0000000, 0x00000000ee680000, 0x0000000100000000)
  eden space 200192K, 100% used [0x00000000e0000000,0x00000000ec380000,0x00000000ec380000)
  from space 17408K, 0% used [0x00000000ed580000,0x00000000ed580000,0x00000000ee680000)
  to   space 17920K, 0% used [0x00000000ec380000,0x00000000ec380000,0x00000000ed500000)
 ParOldGen       total 53248K, used 40332K [0x00000000a0000000, 0x00000000a3400000, 0x00000000e0000000)
  object space 53248K, 75% used [0x00000000a0000000,0x00000000a2763130,0x00000000a3400000)
 Metaspace       used 55954K, capacity 58158K, committed 58288K, reserved 1099776K
  class space    used 7603K, capacity 8078K, committed 8112K, reserved 1048576K
Event: 285.328 GC heap after
Heap after GC invocations=16 (full 3):
 PSYoungGen      total 218112K, used 6082K [0x00000000e0000000, 0x00000000f1e80000, 0x0000000100000000)
  eden space 200192K, 0% used [0x00000000e0000000,0x00000000e0000000,0x00000000ec380000)
  from space 17920K, 33% used [0x00000000ec380000,0x00000000ec970988,0x00000000ed500000)
  to   space 17408K, 0% used [0x00000000f0d80000,0x00000000f0d80000,0x00000000f1e80000)
 ParOldGen       total 53248K, used 40332K [0x00000000a0000000, 0x00000000a3400000, 0x00000000e0000000)
  object space 53248K, 75% used [0x00000000a0000000,0x00000000a2763130,0x00000000a3400000)
 Metaspace       used 55954K, capacity 58158K, committed 58288K, reserved 1099776K
  class space    used 7603K, capacity 8078K, committed 8112K, reserved 1048576K
}
Event: 292.800 GC heap before
{Heap before GC invocations=17 (full 3):
 PSYoungGen      total 218112K, used 206274K [0x00000000e0000000, 0x00000000f1e80000, 0x0000000100000000)
  eden space 200192K, 100% used [0x00000000e0000000,0x00000000ec380000,0x00000000ec380000)
  from space 17920K, 33% used [0x00000000ec380000,0x00000000ec970988,0x00000000ed500000)
  to   space 17408K, 0% used [0x00000000f0d80000,0x00000000f0d80000,0x00000000f1e80000)
 ParOldGen       total 53248K, used 40332K [0x00000000a0000000, 0x00000000a3400000, 0x00000000e0000000)
  object space 53248K, 75% used [0x00000000a0000000,0x00000000a2763130,0x00000000a3400000)
 Metaspace       used 63097K, capacity 65474K, committed 65840K, reserved 1105920K
  class space    used 8379K, capacity 8890K, committed 9008K, reserved 1048576K
Event: 292.836 GC heap after
Heap after GC invocations=17 (full 3):
 PSYoungGen      total 263680K, used 8880K [0x00000000e0000000, 0x00000000f1800000, 0x0000000100000000)
  eden space 252928K, 0% used [0x00000000e0000000,0x00000000e0000000,0x00000000ef700000)
  from space 10752K, 82% used [0x00000000f0d80000,0x00000000f162c3e8,0x00000000f1800000)
  to   space 16896K, 0% used [0x00000000ef700000,0x00000000ef700000,0x00000000f0780000)
 ParOldGen       total 53248K, used 43344K [0x00000000a0000000, 0x00000000a3400000, 0x00000000e0000000)
  object space 53248K, 81% used [0x00000000a0000000,0x00000000a2a541f0,0x00000000a3400000)
 Metaspace       used 63097K, capacity 65474K, committed 65840K, reserved 1105920K
  class space    used 8379K, capacity 8890K, committed 9008K, reserved 1048576K
}
Event: 292.836 GC heap before
{Heap before GC invocations=18 (full 4):
 PSYoungGen      total 263680K, used 8880K [0x00000000e0000000, 0x00000000f1800000, 0x0000000100000000)
  eden space 252928K, 0% used [0x00000000e0000000,0x00000000e0000000,0x00000000ef700000)
  from space 10752K, 82% used [0x00000000f0d80000,0x00000000f162c3e8,0x00000000f1800000)
  to   space 16896K, 0% used [0x00000000ef700000,0x00000000ef700000,0x00000000f0780000)
 ParOldGen       total 53248K, used 43344K [0x00000000a0000000, 0x00000000a3400000, 0x00000000e0000000)
  object space 53248K, 81% used [0x00000000a0000000,0x00000000a2a541f0,0x00000000a3400000)
 Metaspace       used 63097K, capacity 65474K, committed 65840K, reserved 1105920K
  class space    used 8379K, capacity 8890K, committed 9008K, reserved 1048576K
Event: 293.364 GC heap after
Heap after GC invocations=18 (full 4):
 PSYoungGen      total 263680K, used 0K [0x00000000e0000000, 0x00000000f1800000, 0x0000000100000000)
  eden space 252928K, 0% used [0x00000000e0000000,0x00000000e0000000,0x00000000ef700000)
  from space 10752K, 0% used [0x00000000f0d80000,0x00000000f0d80000,0x00000000f1800000)
  to   space 16896K, 0% used [0x00000000ef700000,0x00000000ef700000,0x00000000f0780000)
 ParOldGen       total 99328K, used 51384K [0x00000000a0000000, 0x00000000a6100000, 0x00000000e0000000)
  object space 99328K, 51% used [0x00000000a0000000,0x00000000a322e160,0x00000000a6100000)
 Metaspace       used 63097K, capacity 65474K, committed 65840K, reserved 1105920K
  class space    used 8379K, capacity 8890K, committed 9008K, reserved 1048576K
}

Deoptimization events (10 events):
Event: 296.018 Thread 0x00000000576bb800 Uncommon trap: reason=class_check action=maybe_recompile pc=0x0000000003015c24 method=java.net.URLClassLoader.defineClass(Ljava/lang/String;Lsun/misc/Resource;)Ljava/lang/Class; @ 34
Event: 296.026 Thread 0x00000000576bb800 Uncommon trap: reason=class_check action=maybe_recompile pc=0x0000000003015c24 method=java.net.URLClassLoader.defineClass(Ljava/lang/String;Lsun/misc/Resource;)Ljava/lang/Class; @ 34
Event: 296.038 Thread 0x00000000576bb800 Uncommon trap: reason=class_check action=maybe_recompile pc=0x0000000003015c24 method=java.net.URLClassLoader.defineClass(Ljava/lang/String;Lsun/misc/Resource;)Ljava/lang/Class; @ 34
Event: 296.088 Thread 0x00000000576bb800 Uncommon trap: reason=null_assert action=make_not_entrant pc=0x0000000002fef9e0 method=java.util.zip.ZipEntry.setExtra0([BZ)V @ 269
Event: 297.061 Thread 0x000000005d096800 Uncommon trap: reason=class_check action=maybe_recompile pc=0x0000000002cb6680 method=java.util.concurrent.ConcurrentHashMap.putVal(Ljava/lang/Object;Ljava/lang/Object;Z)Ljava/lang/Object; @ 192
Event: 297.898 Thread 0x000000005d098000 Uncommon trap: reason=class_check action=maybe_recompile pc=0x0000000002565124 method=java.util.concurrent.locks.ReentrantLock.lock()V @ 4
Event: 297.901 Thread 0x000000005d099000 Uncommon trap: reason=class_check action=maybe_recompile pc=0x0000000002565124 method=java.util.concurrent.locks.ReentrantLock.lock()V @ 4
Event: 297.978 Thread 0x000000005d099000 Uncommon trap: reason=class_check action=maybe_recompile pc=0x0000000002565124 method=java.util.concurrent.locks.ReentrantLock.lock()V @ 4
Event: 298.019 Thread 0x000000005d099000 Uncommon trap: reason=class_check action=maybe_recompile pc=0x0000000002565124 method=java.util.concurrent.locks.ReentrantLock.lock()V @ 4
Event: 298.358 Thread 0x000000005d09c800 Uncommon trap: reason=unstable_if action=reinterpret pc=0x0000000003ea3420 method=java.util.BitSet.nextSetBit(I)I @ 87

Internal exceptions (10 events):
Event: 286.580 Thread 0x00000000576bb800 Exception <a 'java/lang/ClassNotFoundException': com/android/build/gradle/tasks/CheckManifestInInstantRunMode_DecoratedBeanInfo> (0x00000000e4aef938) thrown at [C:\src\android\AOSP-openjdk\external\jetbrains\jdk\hotspot\src\share\vm\classfile\systemDiction¡$VHÈq@
Event: 286.580 Thread 0x00000000576bb800 Exception <a 'java/lang/ClassNotFoundException': com/android/build/gradle/tasks/CheckManifestInInstantRunModeBeanInfo> (0x00000000e4b03718) thrown at [C:\src\android\AOSP-openjdk\external\jetbrains\jdk\hotspot\src\share\vm\classfile\systemDictionary.cpp, l
Event: 286.581 Thread 0x00000000576bb800 Exception <a 'java/lang/ClassNotFoundException': com/android/build/gradle/tasks/CheckManifestInInstantRunModeCustomizer> (0x00000000e4b17870) thrown at [C:\src\android\AOSP-openjdk\external\jetbrains\jdk\hotspot\src\share\vm\classfile\systemDictionary.cpp,)¬}SÈq@
Event: 286.583 Thread 0x00000000576bb800 Exception <a 'java/lang/ClassNotFoundException': com/android/build/gradle/tasks/CheckManifestInInstantRunMode_DecoratedCustomizer> (0x00000000e4b41350) thrown at [C:\src\android\AOSP-openjdk\external\jetbrains\jdk\hotspot\src\share\vm\classfile\systemDictiœ(ƒ”Èq@
Event: 286.614 Thread 0x00000000576bb800 Exception <a 'java/lang/ClassNotFoundException': com/android/build/gradle/tasks/fd/GenerateInstantRunAppInfoTask_DecoratedBeanInfo> (0x00000000e4c5f268) thrown at [C:\src\android\AOSP-openjdk\external\jetbrains\jdk\hotspot\src\share\vm\classfile\systemDictÑBºT’Èq@
Event: 286.615 Thread 0x00000000576bb800 Exception <a 'java/lang/ClassNotFoundException': com/android/build/gradle/tasks/fd/GenerateInstantRunAppInfoTaskBeanInfo> (0x00000000e4c737a8) thrown at [C:\src\android\AOSP-openjdk\external\jetbrains\jdk\hotspot\src\share\vm\classfile\systemDictionary.cppõ$Úﬂ÷Èq@
Event: 286.615 Thread 0x00000000576bb800 Exception <a 'java/lang/ClassNotFoundException': com/android/build/gradle/tasks/fd/GenerateInstantRunAppInfoTaskCustomizer> (0x00000000e4c88168) thrown at [C:\src\android\AOSP-openjdk\external\jetbrains\jdk\hotspot\src\share\vm\classfile\systemDictionary.cìñ^⁄Èq@
Event: 286.616 Thread 0x00000000576bb800 Exception <a 'java/lang/ClassNotFoundException': com/android/build/gradle/tasks/fd/GenerateInstantRunAppInfoTask_DecoratedCustomizer> (0x00000000e4cb0740) thrown at [C:\src\android\AOSP-openjdk\external\jetbrains\jdk\hotspot\src\share\vm\classfile\systemDiïΩ6”¿r@
Event: 288.297 Thread 0x00000000576bb800 Implicit null exception at 0x0000000003f0ae57 to 0x0000000003f0af43
Event: 295.264 Thread 0x00000000576bb800 Exception <a 'java/lang/NoSuchMethodError': <clinit>> (0x00000000e679d750) thrown at [C:\src\android\AOSP-openjdk\external\jetbrains\jdk\hotspot\src\share\vm\prims\jni.cpp, line 1591]

Events (10 events):
Event: 298.774 loading class com/android/dx/util/ListIntSet$1
Event: 298.774 loading class com/android/dx/util/ListIntSet$1 done
Event: 298.774 Executing VM operation: Deoptimize
Event: 298.777 Executing VM operation: Deoptimize done
Event: 298.791 Thread 0x000000005d096000 DEOPT PACKING pc=0x0000000003abe5cc sp=0x00000000616eea10
Event: 298.791 Thread 0x000000005d096000 DEOPT UNPACKING pc=0x00000000024671bf sp=0x00000000616ee7b8 mode 0
Event: 298.820 Thread 0x000000005d096000 DEOPT PACKING pc=0x0000000004021f58 sp=0x00000000616eeb10
Event: 298.820 Thread 0x000000005d096000 DEOPT UNPACKING pc=0x00000000024671bf sp=0x00000000616ee860 mode 0
Event: 298.839 Thread 0x000000005d096000 DEOPT PACKING pc=0x0000000003d9c8fa sp=0x00000000616ee960
Event: 298.841 Thread 0x000000005d096000 DEOPT UNPACKING pc=0x00000000024671bf sp=0x00000000616ee730 mode 0


Dynamic libraries:
0x000000013fd40000 - 0x000000013fd71000 	C:\Program Files\Android\Android Studio1\jre\bin\java.exe
0x0000000077310000 - 0x00000000774b9000 	C:\Windows\SYSTEM32\ntdll.dll
0x00000000771f0000 - 0x000000007730f000 	C:\Windows\system32\kernel32.dll
0x000007fefd450000 - 0x000007fefd4bb000 	C:\Windows\system32\KERNELBASE.dll
0x000007feff540000 - 0x000007feff61b000 	C:\Windows\system32\ADVAPI32.dll
0x000007fefd7f0000 - 0x000007fefd88f000 	C:\Windows\system32\msvcrt.dll
0x000007fefe850000 - 0x000007fefe86f000 	C:\Windows\SYSTEM32\sechost.dll
0x000007fefea70000 - 0x000007fefeb9d000 	C:\Windows\system32\RPCRT4.dll
0x00000000770f0000 - 0x00000000771ea000 	C:\Windows\system32\USER32.dll
0x000007fefd630000 - 0x000007fefd697000 	C:\Windows\system32\GDI32.dll
0x000007fefe710000 - 0x000007fefe71e000 	C:\Windows\system32\LPK.dll
0x000007feff260000 - 0x000007feff329000 	C:\Windows\system32\USP10.dll
0x000007fefbce0000 - 0x000007fefbed4000 	C:\Windows\WinSxS\amd64_microsoft.windows.common-controls_6595b64144ccf1df_6.0.7601.17514_none_fa396087175ac9ac\COMCTL32.dll
0x000007fefe620000 - 0x000007fefe691000 	C:\Windows\system32\SHLWAPI.dll
0x000007fefd7c0000 - 0x000007fefd7ee000 	C:\Windows\system32\IMM32.DLL
0x000007fefefd0000 - 0x000007feff0d9000 	C:\Windows\system32\MSCTF.dll
0x00000000639a0000 - 0x0000000063a72000 	C:\Program Files\Android\Android Studio1\jre\jre\bin\msvcr100.dll
0x000000005ade0000 - 0x000000005b614000 	C:\Program Files\Android\Android Studio1\jre\jre\bin\server\jvm.dll
0x000007fef3190000 - 0x000007fef3199000 	C:\Windows\system32\WSOCK32.dll
0x000007fefef80000 - 0x000007fefefcd000 	C:\Windows\system32\WS2_32.dll
0x000007fefe6a0000 - 0x000007fefe6a8000 	C:\Windows\system32\NSI.dll
0x000007fefa580000 - 0x000007fefa5bb000 	C:\Windows\system32\WINMM.dll
0x000007fefc3a0000 - 0x000007fefc3ac000 	C:\Windows\system32\VERSION.dll
0x00000000774e0000 - 0x00000000774e7000 	C:\Windows\system32\PSAPI.DLL
0x000007fefb5b0000 - 0x000007fefb5bf000 	C:\Program Files\Android\Android Studio1\jre\jre\bin\verify.dll
0x000007fefb350000 - 0x000007fefb379000 	C:\Program Files\Android\Android Studio1\jre\jre\bin\java.dll
0x000007fefb390000 - 0x000007fefb3a6000 	C:\Program Files\Android\Android Studio1\jre\jre\bin\zip.dll
0x000007fefd890000 - 0x000007fefe618000 	C:\Windows\system32\SHELL32.dll
0x000007feff330000 - 0x000007feff533000 	C:\Windows\system32\ole32.dll
0x000007fefd260000 - 0x000007fefd26f000 	C:\Windows\system32\profapi.dll
0x000007fefb2a0000 - 0x000007fefb2ba000 	C:\Program Files\Android\Android Studio1\jre\jre\bin\net.dll
0x000007fefcad0000 - 0x000007fefcb25000 	C:\Windows\system32\mswsock.dll
0x000007fefcac0000 - 0x000007fefcac7000 	C:\Windows\System32\wship6.dll
0x000007fefb240000 - 0x000007fefb251000 	C:\Program Files\Android\Android Studio1\jre\jre\bin\nio.dll
0x000007fef64c0000 - 0x000007fef64d2000 	C:\Users\PB\.gradle\native\19\windows-amd64\native-platform.dll
0x000007fefcb30000 - 0x000007fefcb47000 	C:\Windows\system32\CRYPTSP.dll
0x000007fefc830000 - 0x000007fefc877000 	C:\Windows\system32\rsaenh.dll
0x000007fefc5b0000 - 0x000007fefc5ce000 	C:\Windows\system32\USERENV.dll
0x000007fefd190000 - 0x000007fefd19f000 	C:\Windows\system32\CRYPTBASE.dll
0x000007fefae00000 - 0x000007fefae27000 	C:\Windows\system32\IPHLPAPI.DLL
0x000007fefae90000 - 0x000007fefae9b000 	C:\Windows\system32\WINNSI.DLL
0x000007fefad20000 - 0x000007fefad31000 	C:\Windows\system32\dhcpcsvc6.DLL
0x000007fefad00000 - 0x000007fefad18000 	C:\Windows\system32\dhcpcsvc.DLL
0x000007fefb5c0000 - 0x000007fefb5cd000 	C:\Program Files\Android\Android Studio1\jre\jre\bin\management.dll
0x000007fefd130000 - 0x000007fefd187000 	C:\Windows\system32\apphelp.dll
0x000007fef8fd0000 - 0x000007fef90f5000 	C:\Windows\system32\dbghelp.dll

VM Arguments:
jvm_args: -Xmx1536m -Dfile.encoding=windows-1252 -Duser.country=FR -Duser.language=fr -Duser.variant 
java_command: org.gradle.launcher.daemon.bootstrap.GradleDaemon 2.14.1
java_class_path (initial): C:\Program Files\Android\Android Studio1\gradle\gradle-2.14.1\lib\gradle-launcher-2.14.1.jar
Launcher Type: SUN_STANDARD

Environment Variables:
PATH=C:\ProgramData\Oracle\Java\javapath;C:\Ruby22-x64\bin;C:\Program Files (x86)\NVIDIA Corporation\PhysX\Common;C:\Windows\system32;C:\Windows;C:\Windows\System32\Wbem;C:\Windows\System32\WindowsPowerShell\v1.0\;C:\Program Files (x86)\Brackets\command
USERNAME=PB
OS=Windows_NT
PROCESSOR_IDENTIFIER=Intel64 Family 6 Model 23 Stepping 10, GenuineIntel



---------------  S Y S T E M  ---------------

OS: Windows 7 , 64 bit Build 7601 (6.1.7601.17514)

CPU:total 2 (2 cores per cpu, 1 threads per core) family 6 model 23 stepping 10, cmov, cx8, fxsr, mmx, sse, sse2, sse3, ssse3, tsc

Memory: 4k page, physical 4193524k(1270756k free), swap 8385204k(3541436k free)

vm_info: OpenJDK 64-Bit Server VM (25.76-b03) for windows-amd64 JRE (1.8.0_76-release-b03), built on Jun 29 2016 19:09:20 by "ralucas" with MS VC++ 10.0 (VS2010)

time: Mon Mar 13 23:02:58 2017
elapsed time: 299 seconds (0d 0h 4m 59s)

