#
# A fatal error has been detected by the Java Runtime Environment:
#
#  EXCEPTION_ACCESS_VIOLATION (0xc0000005) at pc=0xffffffffa4435120, pid=568, tid=0x00000000000010dc
#
# JRE version: OpenJDK Runtime Environment (8.0_76-b03) (build 1.8.0_76-release-b03)
# Java VM: OpenJDK 64-Bit Server VM (25.76-b03 mixed mode windows-amd64 compressed oops)
# Problematic frame:
# C  0xffffffffa4435120
#
# Failed to write core dump. Minidumps are not enabled by default on client versions of Windows
#
# If you would like to submit a bug report, please visit:
#   http://bugreport.java.com/bugreport/crash.jsp
#

---------------  T H R E A D  ---------------

Current thread (0x00000000584b1000):  JavaThread "Daemon worker" [_thread_in_Java, id=4316, stack(0x0000000059d60000,0x0000000059e60000)]

siginfo: ExceptionCode=0xc0000005, ExceptionInformation=0x0000000000000008 0xffffffffa4435120

Registers:
RAX=0x00000000647f45e8, RBX=0x00000000647f45e8, RCX=0x00000000649ca458, RDX=0x00000000e7c0f928
RSP=0x0000000059e5b9f8, RBP=0x0000000059e5ba60, RSI=0x0000000000000198, RDI=0x0000000000000b32
R8 =0x00000000e7a50f68, R9 =0x00000000e74f2ef8, R10=0x000000005a6e1bc0, R11=0x0000000003ccdb20
R12=0x0000000000000000, R13=0x0000000059e5ba10, R14=0x0000000059e5ba90, R15=0x00000000584b1000
RIP=0xffffffffa4435120, EFLAGS=0x0000000000010206

Top of Stack: (sp=0x0000000059e5b9f8)
0x0000000059e5b9f8:   0000000002437790 0000000002437790
0x0000000059e5ba08:   0000000002437790 00000000e7a50f68
0x0000000059e5ba18:   00000000e7c0f928 0000000059e5ba20
0x0000000059e5ba28:   00000000649c72f2 0000000059e5ba90
0x0000000059e5ba38:   00000000649ca458 0000000000000000
0x0000000059e5ba48:   00000000649c7378 0000000059e5ba10
0x0000000059e5ba58:   0000000059e5baa0 0000000059e5bb68
0x0000000059e5ba68:   0000000003ca58f4 0000000000000000
0x0000000059e5ba78:   0000000000000000 00000000e7a50f68
0x0000000059e5ba88:   00000000e7c262d0 00000000e0fbf940
0x0000000059e5ba98:   0000000003ca58f4 0000000059e5bb08
0x0000000059e5baa8:   0000000000000010 0000000059e5bb68
0x0000000059e5bab8:   0000000003c6aa04 00000000e09edc38
0x0000000059e5bac8:   0000000059e5bac8 00000000649c5c94
0x0000000059e5bad8:   0000000059e5bb20 00000000649ca458
0x0000000059e5bae8:   0000000064a10820 00000000e74e8ac8 

Instructions: (pc=0xffffffffa4435120)
0xffffffffa4435100:   
[error occurred during error reporting (printing registers, top of stack, instructions near pc), id 0xc0000005]

Register to memory mapping:

RAX={method} {0x00000000647f45f0} 'access$202' '(Lcom/sun/tools/javac/comp/Flow;Lcom/sun/tools/javac/code/Lint;)Lcom/sun/tools/javac/code/Lint;' in 'com/sun/tools/javac/comp/Flow'
RBX={method} {0x00000000647f45f0} 'access$202' '(Lcom/sun/tools/javac/comp/Flow;Lcom/sun/tools/javac/code/Lint;)Lcom/sun/tools/javac/code/Lint;' in 'com/sun/tools/javac/comp/Flow'
RCX=0x00000000649ca458 is pointing into metadata
RDX=0x00000000e7c0f928 is an oop
com.sun.tools.javac.comp.Flow 
 - klass: 'com/sun/tools/javac/comp/Flow'
RSP=0x0000000059e5b9f8 is pointing into the stack for thread: 0x00000000584b1000
RBP=0x0000000059e5ba60 is pointing into the stack for thread: 0x00000000584b1000
RSI=0x0000000000000198 is an unknown value
RDI=0x0000000000000b32 is an unknown value
R8 =0x00000000e7a50f68 is an oop
com.sun.tools.javac.code.Lint 
 - klass: 'com/sun/tools/javac/code/Lint'
R9 =0x00000000e74f2ef8 is an oop
com.sun.tools.javac.util.List$1 
 - klass: 'com/sun/tools/javac/util/List$1'
R10=0x000000005a6e1bc0 is an unknown value
R11=0x0000000003ccdb20 is at entry_point+0 in (nmethod*)0x0000000003ccd9d0
R12=0x0000000000000000 is an unknown value
R13=0x0000000059e5ba10 is pointing into the stack for thread: 0x00000000584b1000
R14=0x0000000059e5ba90 is pointing into the stack for thread: 0x00000000584b1000
R15=0x00000000584b1000 is a thread


Stack: [0x0000000059d60000,0x0000000059e60000],  sp=0x0000000059e5b9f8,  free space=1006k
Native frames: (J=compiled Java code, j=interpreted, Vv=VM code, C=native code)
C  0xffffffffa4435120


---------------  P R O C E S S  ---------------

Java Threads: ( => current thread )
  0x000000005b405000 JavaThread "stdout" daemon [_thread_in_native, id=1020, stack(0x0000000064580000,0x0000000064680000)]
  0x000000005b404800 JavaThread "stderr" daemon [_thread_in_native, id=4448, stack(0x00000000643c0000,0x00000000644c0000)]
  0x000000005b403800 JavaThread "stdout" daemon [_thread_in_native, id=4080, stack(0x0000000064240000,0x0000000064340000)]
  0x000000005b403000 JavaThread "stderr" daemon [_thread_in_native, id=376, stack(0x0000000064070000,0x0000000064170000)]
  0x000000005b402000 JavaThread "stdout" daemon [_thread_in_native, id=2184, stack(0x0000000063e10000,0x0000000063f10000)]
  0x000000005bce9800 JavaThread "stderr" daemon [_thread_in_native, id=3548, stack(0x0000000063c50000,0x0000000063d50000)]
  0x000000005bce9000 JavaThread "stdout" daemon [_thread_in_native, id=584, stack(0x0000000063900000,0x0000000063a00000)]
  0x000000005bce8000 JavaThread "stderr" daemon [_thread_in_native, id=1980, stack(0x0000000063a40000,0x0000000063b40000)]
  0x000000005bce7800 JavaThread "stdout" daemon [_thread_in_native, id=1624, stack(0x00000000636c0000,0x00000000637c0000)]
  0x000000005bce6800 JavaThread "stderr" daemon [_thread_in_native, id=3600, stack(0x0000000063100000,0x0000000063200000)]
  0x000000005bce6000 JavaThread "stdout" daemon [_thread_in_native, id=3388, stack(0x00000000637c0000,0x00000000638c0000)]
  0x000000005bce5000 JavaThread "stderr" daemon [_thread_in_native, id=4516, stack(0x0000000062bc0000,0x0000000062cc0000)]
  0x000000005bce4800 JavaThread "stdout" daemon [_thread_in_native, id=1180, stack(0x0000000063530000,0x0000000063630000)]
  0x000000005bce3800 JavaThread "stderr" daemon [_thread_in_native, id=448, stack(0x0000000063370000,0x0000000063470000)]
  0x000000005bce3000 JavaThread "stdout" daemon [_thread_in_native, id=3808, stack(0x0000000063250000,0x0000000063350000)]
  0x000000005db15000 JavaThread "stderr" daemon [_thread_in_native, id=4756, stack(0x0000000063000000,0x0000000063100000)]
  0x000000005db14800 JavaThread "stdout" daemon [_thread_in_native, id=4600, stack(0x0000000062680000,0x0000000062780000)]
  0x000000005db13800 JavaThread "stderr" daemon [_thread_in_native, id=4708, stack(0x0000000062ec0000,0x0000000062fc0000)]
  0x000000005db13000 JavaThread "stdout" daemon [_thread_in_native, id=4656, stack(0x0000000062d30000,0x0000000062e30000)]
  0x000000005db12000 JavaThread "stderr" daemon [_thread_in_native, id=2648, stack(0x0000000062aa0000,0x0000000062ba0000)]
  0x000000005db11800 JavaThread "stdout" daemon [_thread_in_native, id=2652, stack(0x00000000628e0000,0x00000000629e0000)]
  0x000000005db10800 JavaThread "stderr" daemon [_thread_in_native, id=4676, stack(0x0000000062790000,0x0000000062890000)]
  0x000000005db10000 JavaThread "stdout" daemon [_thread_in_native, id=4636, stack(0x0000000060ab0000,0x0000000060bb0000)]
  0x000000005db0f000 JavaThread "stderr" daemon [_thread_in_native, id=4632, stack(0x00000000610d0000,0x00000000611d0000)]
  0x000000005db0e800 JavaThread "stdout" daemon [_thread_in_native, id=4608, stack(0x0000000061e60000,0x0000000061f60000)]
  0x000000005dac4800 JavaThread "stderr" daemon [_thread_in_native, id=4620, stack(0x0000000062550000,0x0000000062650000)]
  0x000000005dac4000 JavaThread "stdout" daemon [_thread_in_native, id=4612, stack(0x00000000623d0000,0x00000000624d0000)]
  0x000000005dac3000 JavaThread "stderr" daemon [_thread_in_native, id=2300, stack(0x0000000062230000,0x0000000062330000)]
  0x000000005dac2800 JavaThread "stdout" daemon [_thread_in_native, id=2632, stack(0x0000000062100000,0x0000000062200000)]
  0x000000005dac1800 JavaThread "stderr" daemon [_thread_in_native, id=1184, stack(0x0000000061f60000,0x0000000062060000)]
  0x000000005dac1000 JavaThread "stdout" daemon [_thread_in_native, id=4536, stack(0x0000000061cf0000,0x0000000061df0000)]
  0x000000005dac0000 JavaThread "stderr" daemon [_thread_in_native, id=4260, stack(0x00000000615c0000,0x00000000616c0000)]
  0x000000005dabf000 JavaThread "stdout" daemon [_thread_in_native, id=4164, stack(0x0000000061b30000,0x0000000061c30000)]
  0x000000005dabe800 JavaThread "stderr" daemon [_thread_in_native, id=1844, stack(0x000000005f360000,0x000000005f460000)]
  0x000000005dabd800 JavaThread "stdout" daemon [_thread_in_native, id=3100, stack(0x00000000619b0000,0x0000000061ab0000)]
  0x000000005dcfe000 JavaThread "stderr" daemon [_thread_in_native, id=1856, stack(0x00000000618a0000,0x00000000619a0000)]
  0x000000005dcfd800 JavaThread "stdout" daemon [_thread_in_native, id=4548, stack(0x00000000616c0000,0x00000000617c0000)]
  0x000000005dcfc800 JavaThread "stderr" daemon [_thread_in_native, id=4560, stack(0x00000000606a0000,0x00000000607a0000)]
  0x000000005dcfb800 JavaThread "stdout" daemon [_thread_in_native, id=3212, stack(0x00000000614a0000,0x00000000615a0000)]
  0x000000005dcfb000 JavaThread "stderr" daemon [_thread_in_native, id=2704, stack(0x0000000060cd0000,0x0000000060dd0000)]
  0x000000005dcfa000 JavaThread "png-cruncher_20" daemon [_thread_blocked, id=4584, stack(0x0000000061360000,0x0000000061460000)]
  0x000000005dcf9800 JavaThread "png-cruncher_19" daemon [_thread_blocked, id=1512, stack(0x0000000061200000,0x0000000061300000)]
  0x000000005dcf8800 JavaThread "png-cruncher_18" daemon [_thread_blocked, id=4628, stack(0x0000000060fc0000,0x00000000610c0000)]
  0x000000005dcf8000 JavaThread "png-cruncher_17" daemon [_thread_blocked, id=2892, stack(0x0000000060df0000,0x0000000060ef0000)]
  0x000000005dcf7000 JavaThread "png-cruncher_16" daemon [_thread_blocked, id=4528, stack(0x0000000060bb0000,0x0000000060cb0000)]
  0x000000005b1fb000 JavaThread "png-cruncher_15" daemon [_thread_blocked, id=4904, stack(0x00000000609a0000,0x0000000060aa0000)]
  0x000000005b1fa000 JavaThread "png-cruncher_14" daemon [_thread_blocked, id=4928, stack(0x0000000060830000,0x0000000060930000)]
  0x000000005b1f9800 JavaThread "png-cruncher_13" daemon [_thread_blocked, id=4284, stack(0x0000000060580000,0x0000000060680000)]
  0x000000005b1f8800 JavaThread "png-cruncher_12" daemon [_thread_blocked, id=4816, stack(0x0000000060440000,0x0000000060540000)]
  0x000000005b1f8000 JavaThread "png-cruncher_11" daemon [_thread_blocked, id=4808, stack(0x000000005fea0000,0x000000005ffa0000)]
  0x000000005b1f7000 JavaThread "png-cruncher_10" daemon [_thread_blocked, id=4840, stack(0x00000000602e0000,0x00000000603e0000)]
  0x000000005b1f6800 JavaThread "png-cruncher_9" daemon [_thread_blocked, id=4832, stack(0x0000000060180000,0x0000000060280000)]
  0x000000005b1f5800 JavaThread "png-cruncher_8" daemon [_thread_blocked, id=4376, stack(0x000000005fff0000,0x00000000600f0000)]
  0x000000005b1f5000 JavaThread "png-cruncher_7" daemon [_thread_blocked, id=4672, stack(0x000000005fae0000,0x000000005fbe0000)]
  0x000000005b1f4000 JavaThread "png-cruncher_6" daemon [_thread_blocked, id=4652, stack(0x000000005fd40000,0x000000005fe40000)]
  0x000000005ba62000 JavaThread "png-cruncher_5" daemon [_thread_blocked, id=1952, stack(0x000000005fc40000,0x000000005fd40000)]
  0x000000005ba61000 JavaThread "png-cruncher_4" daemon [_thread_blocked, id=4020, stack(0x000000005f9d0000,0x000000005fad0000)]
  0x000000005ba60800 JavaThread "png-cruncher_3" daemon [_thread_blocked, id=5080, stack(0x000000005f7e0000,0x000000005f8e0000)]
  0x000000005ba5f800 JavaThread "png-cruncher_2" daemon [_thread_blocked, id=5064, stack(0x000000005f620000,0x000000005f720000)]
  0x000000005ba5f000 JavaThread "png-cruncher_1" daemon [_thread_blocked, id=5016, stack(0x000000005f490000,0x000000005f590000)]
  0x000000005ba5e000 JavaThread "pool-3-thread-2" [_thread_blocked, id=5104, stack(0x000000005f060000,0x000000005f160000)]
  0x000000005ba5d800 JavaThread "pool-3-thread-1" [_thread_blocked, id=5096, stack(0x000000005ee80000,0x000000005ef80000)]
  0x00000000574d5000 JavaThread "File lock request listener" [_thread_in_native, id=4232, stack(0x0000000059ba0000,0x0000000059ca0000)]
  0x00000000584b3800 JavaThread "Asynchronous log dispatcher for org.gradle.launcher.daemon.server.DefaultDaemonConnection@345f0e2b" [_thread_blocked, id=2608, stack(0x000000005a810000,0x000000005a910000)]
=>0x00000000584b1000 JavaThread "Daemon worker" [_thread_in_Java, id=4316, stack(0x0000000059d60000,0x0000000059e60000)]
  0x00000000584aa000 JavaThread "Cancel handler" [_thread_blocked, id=3972, stack(0x0000000059aa0000,0x0000000059ba0000)]
  0x0000000058477000 JavaThread "Handler for socket connection from /127.0.0.1:51085 to /127.0.0.1:51086" [_thread_in_native, id=4320, stack(0x0000000059970000,0x0000000059a70000)]
  0x0000000058427800 JavaThread "Daemon" [_thread_blocked, id=4716, stack(0x0000000059750000,0x0000000059850000)]
  0x00000000583be000 JavaThread "pool-1-thread-1" [_thread_blocked, id=3936, stack(0x00000000595a0000,0x00000000596a0000)]
  0x000000005839f800 JavaThread "Incoming local TCP Connector on port 51085" [_thread_in_native, id=4912, stack(0x0000000059260000,0x0000000059360000)]
  0x0000000055ca5000 JavaThread "Service Thread" daemon [_thread_blocked, id=4024, stack(0x0000000057040000,0x0000000057140000)]
  0x0000000055ca1000 JavaThread "C1 CompilerThread1" daemon [_thread_blocked, id=4828, stack(0x0000000056f00000,0x0000000057000000)]
  0x0000000055c43000 JavaThread "C2 CompilerThread0" daemon [_thread_blocked, id=4908, stack(0x0000000056ca0000,0x0000000056da0000)]
  0x0000000055c42000 JavaThread "Attach Listener" daemon [_thread_blocked, id=1444, stack(0x00000000567b0000,0x00000000568b0000)]
  0x0000000055c52800 JavaThread "Signal Dispatcher" daemon [_thread_blocked, id=1632, stack(0x0000000056b80000,0x0000000056c80000)]
  0x0000000055c2d800 JavaThread "Finalizer" daemon [_thread_blocked, id=3132, stack(0x0000000056a20000,0x0000000056b20000)]
  0x0000000055be4800 JavaThread "Reference Handler" daemon [_thread_blocked, id=3820, stack(0x00000000568f0000,0x00000000569f0000)]
  0x0000000001dad800 JavaThread "main" [_thread_blocked, id=3708, stack(0x0000000002060000,0x0000000002160000)]

Other Threads:
  0x0000000055bda800 VMThread [stack: 0x0000000056640000,0x0000000056740000] [id=2400]
  0x0000000055ca6800 WatcherThread [stack: 0x00000000571b0000,0x00000000572b0000] [id=808]

VM state:synchronizing (normal execution)

VM Mutex/Monitor currently owned by a thread:  ([mutex/lock_event])
[0x0000000001dabc30] Safepoint_lock - owner thread: 0x0000000055bda800
[0x0000000001dabcb0] Threads_lock - owner thread: 0x0000000055bda800

Heap:
 PSYoungGen      total 134656K, used 33516K [0x00000000e0000000, 0x00000000ea900000, 0x0000000100000000)
  eden space 113664K, 15% used [0x00000000e0000000,0x00000000e1145c30,0x00000000e6f00000)
  from space 20992K, 75% used [0x00000000e6f00000,0x00000000e7e75740,0x00000000e8380000)
  to   space 22016K, 0% used [0x00000000e9380000,0x00000000e9380000,0x00000000ea900000)
 ParOldGen       total 58368K, used 39838K [0x00000000a0000000, 0x00000000a3900000, 0x00000000e0000000)
  object space 58368K, 68% used [0x00000000a0000000,0x00000000a26e7a58,0x00000000a3900000)
 Metaspace       used 57255K, capacity 58638K, committed 58792K, reserved 1099776K
  class space    used 7503K, capacity 7847K, committed 7856K, reserved 1048576K

Card table byte_map: [0x00000000117f0000,0x0000000011b00000] byte_map_base: 0x00000000112f0000

Marking Bits: (ParMarkBitMap*) 0x000000005a6f9d00
 Begin Bits: [0x0000000011fb0000, 0x00000000137b0000)
 End Bits:   [0x00000000137b0000, 0x0000000014fb0000)

Polling page: 0x0000000000310000

CodeCache: size=245760Kb used=25160Kb max_used=25160Kb free=220599Kb
 bounds [0x0000000002430000, 0x0000000003ce0000, 0x0000000011430000]
 total_blobs=8346 nmethods=7616 adapters=643
 compilation: enabled

Compilation events (10 events):
Event: 75.243 Thread 0x0000000055ca1000 nmethod 9003 0x0000000003ccd9d0 code [0x0000000003ccdb20, 0x0000000003ccdc70]
Event: 75.243 Thread 0x0000000055ca1000 9004       3       com.sun.tools.javac.tree.TreeInfo::flags (95 bytes)
Event: 75.243 Thread 0x0000000055ca1000 nmethod 9004 0x0000000003ccce50 code [0x0000000003ccd000, 0x0000000003ccd708]
Event: 75.244 Thread 0x0000000055ca1000 9006       3       com.sun.tools.javac.tree.TreeScanner::visitLiteral (1 bytes)
Event: 75.244 Thread 0x0000000055ca1000 nmethod 9006 0x0000000003cccb10 code [0x0000000003cccc60, 0x0000000003cccdb0]
Event: 75.244 Thread 0x0000000055ca1000 9005       3       com.sun.tools.javac.comp.Flow$AliveAnalyzer::scanStat (52 bytes)
Event: 75.244 Thread 0x0000000055ca1000 nmethod 9005 0x0000000003cd73d0 code [0x0000000003cd75e0, 0x0000000003cd81b8]
Event: 75.244 Thread 0x0000000055ca1000 9009       1       com.sun.tools.javac.comp.Flow::access$202 (7 bytes)
Event: 75.245 Thread 0x0000000055ca1000 nmethod 9009 0x0000000003ccc810 code [0x0000000003ccc960, 0x0000000003ccca70]
Event: 75.245 Thread 0x0000000055ca1000 9007       3       com.sun.tools.javac.comp.Flow$AliveAnalyzer::scanDef (47 bytes)

GC Heap History (10 events):
Event: 27.420 GC heap before
{Heap before GC invocations=15 (full 2):
 PSYoungGen      total 88064K, used 78848K [0x00000000e0000000, 0x00000000e6200000, 0x0000000100000000)
  eden space 78848K, 100% used [0x00000000e0000000,0x00000000e4d00000,0x00000000e4d00000)
  from space 9216K, 0% used [0x00000000e5600000,0x00000000e5600000,0x00000000e5f00000)
  to   space 9216K, 0% used [0x00000000e4d00000,0x00000000e4d00000,0x00000000e5600000)
 ParOldGen       total 58368K, used 15528K [0x00000000a0000000, 0x00000000a3900000, 0x00000000e0000000)
  object space 58368K, 26% used [0x00000000a0000000,0x00000000a0f2a290,0x00000000a3900000)
 Metaspace       used 41323K, capacity 42070K, committed 42664K, reserved 1085440K
  class space    used 5508K, capacity 5689K, committed 5808K, reserved 1048576K
Event: 27.521 GC heap after
Heap after GC invocations=15 (full 2):
 PSYoungGen      total 88064K, used 7780K [0x00000000e0000000, 0x00000000e7480000, 0x0000000100000000)
  eden space 78848K, 0% used [0x00000000e0000000,0x00000000e0000000,0x00000000e4d00000)
  from space 9216K, 84% used [0x00000000e4d00000,0x00000000e54992e8,0x00000000e5600000)
  to   space 9728K, 0% used [0x00000000e6b00000,0x00000000e6b00000,0x00000000e7480000)
 ParOldGen       total 58368K, used 15536K [0x00000000a0000000, 0x00000000a3900000, 0x00000000e0000000)
  object space 58368K, 26% used [0x00000000a0000000,0x00000000a0f2c290,0x00000000a3900000)
 Metaspace       used 41323K, capacity 42070K, committed 42664K, reserved 1085440K
  class space    used 5508K, capacity 5689K, committed 5808K, reserved 1048576K
}
Event: 32.108 GC heap before
{Heap before GC invocations=16 (full 2):
 PSYoungGen      total 88064K, used 86628K [0x00000000e0000000, 0x00000000e7480000, 0x0000000100000000)
  eden space 78848K, 100% used [0x00000000e0000000,0x00000000e4d00000,0x00000000e4d00000)
  from space 9216K, 84% used [0x00000000e4d00000,0x00000000e54992e8,0x00000000e5600000)
  to   space 9728K, 0% used [0x00000000e6b00000,0x00000000e6b00000,0x00000000e7480000)
 ParOldGen       total 58368K, used 15536K [0x00000000a0000000, 0x00000000a3900000, 0x00000000e0000000)
  object space 58368K, 26% used [0x00000000a0000000,0x00000000a0f2c290,0x00000000a3900000)
 Metaspace       used 45017K, capacity 46062K, committed 46248K, reserved 1089536K
  class space    used 6042K, capacity 6255K, committed 6320K, reserved 1048576K
Event: 32.140 GC heap after
Heap after GC invocations=16 (full 2):
 PSYoungGen      total 107008K, used 9712K [0x00000000e0000000, 0x00000000e7800000, 0x0000000100000000)
  eden space 97280K, 0% used [0x00000000e0000000,0x00000000e0000000,0x00000000e5f00000)
  from space 9728K, 99% used [0x00000000e6b00000,0x00000000e747c010,0x00000000e7480000)
  to   space 12288K, 0% used [0x00000000e5f00000,0x00000000e5f00000,0x00000000e6b00000)
 ParOldGen       total 58368K, used 18920K [0x00000000a0000000, 0x00000000a3900000, 0x00000000e0000000)
  object space 58368K, 32% used [0x00000000a0000000,0x00000000a127a2a8,0x00000000a3900000)
 Metaspace       used 45017K, capacity 46062K, committed 46248K, reserved 1089536K
  class space    used 6042K, capacity 6255K, committed 6320K, reserved 1048576K
}
Event: 45.275 GC heap before
{Heap before GC invocations=17 (full 2):
 PSYoungGen      total 107008K, used 106992K [0x00000000e0000000, 0x00000000e7800000, 0x0000000100000000)
  eden space 97280K, 100% used [0x00000000e0000000,0x00000000e5f00000,0x00000000e5f00000)
  from space 9728K, 99% used [0x00000000e6b00000,0x00000000e747c010,0x00000000e7480000)
  to   space 12288K, 0% used [0x00000000e5f00000,0x00000000e5f00000,0x00000000e6b00000)
 ParOldGen       total 58368K, used 18920K [0x00000000a0000000, 0x00000000a3900000, 0x00000000e0000000)
  object space 58368K, 32% used [0x00000000a0000000,0x00000000a127a2a8,0x00000000a3900000)
 Metaspace       used 49758K, capacity 50994K, committed 51240K, reserved 1093632K
  class space    used 6625K, capacity 6907K, committed 6960K, reserved 1048576K
Event: 45.357 GC heap after
Heap after GC invocations=17 (full 2):
 PSYoungGen      total 109568K, used 12288K [0x00000000e0000000, 0x00000000e9280000, 0x0000000100000000)
  eden space 97280K, 0% used [0x00000000e0000000,0x00000000e0000000,0x00000000e5f00000)
  from space 12288K, 100% used [0x00000000e5f00000,0x00000000e6b00000,0x00000000e6b00000)
  to   space 15360K, 0% used [0x00000000e8380000,0x00000000e8380000,0x00000000e9280000)
 ParOldGen       total 58368K, used 23251K [0x00000000a0000000, 0x00000000a3900000, 0x00000000e0000000)
  object space 58368K, 39% used [0x00000000a0000000,0x00000000a16b4f88,0x00000000a3900000)
 Metaspace       used 49758K, capacity 50994K, committed 51240K, reserved 1093632K
  class space    used 6625K, capacity 6907K, committed 6960K, reserved 1048576K
}
Event: 54.445 GC heap before
{Heap before GC invocations=18 (full 2):
 PSYoungGen      total 109568K, used 109568K [0x00000000e0000000, 0x00000000e9280000, 0x0000000100000000)
  eden space 97280K, 100% used [0x00000000e0000000,0x00000000e5f00000,0x00000000e5f00000)
  from space 12288K, 100% used [0x00000000e5f00000,0x00000000e6b00000,0x00000000e6b00000)
  to   space 15360K, 0% used [0x00000000e8380000,0x00000000e8380000,0x00000000e9280000)
 ParOldGen       total 58368K, used 23251K [0x00000000a0000000, 0x00000000a3900000, 0x00000000e0000000)
  object space 58368K, 39% used [0x00000000a0000000,0x00000000a16b4f88,0x00000000a3900000)
 Metaspace       used 51143K, capacity 52484K, committed 52648K, reserved 1095680K
  class space    used 6743K, capacity 7076K, committed 7088K, reserved 1048576K
Event: 54.532 GC heap after
Heap after GC invocations=18 (full 2):
 PSYoungGen      total 129024K, used 15358K [0x00000000e0000000, 0x00000000e9c80000, 0x0000000100000000)
  eden space 113664K, 0% used [0x00000000e0000000,0x00000000e0000000,0x00000000e6f00000)
  from space 15360K, 99% used [0x00000000e8380000,0x00000000e927fb70,0x00000000e9280000)
  to   space 20992K, 0% used [0x00000000e6f00000,0x00000000e6f00000,0x00000000e8380000)
 ParOldGen       total 58368K, used 31704K [0x00000000a0000000, 0x00000000a3900000, 0x00000000e0000000)
  object space 58368K, 54% used [0x00000000a0000000,0x00000000a1ef6180,0x00000000a3900000)
 Metaspace       used 51143K, capacity 52484K, committed 52648K, reserved 1095680K
  class space    used 6743K, capacity 7076K, committed 7088K, reserved 1048576K
}
Event: 73.454 GC heap before
{Heap before GC invocations=19 (full 2):
 PSYoungGen      total 129024K, used 129022K [0x00000000e0000000, 0x00000000e9c80000, 0x0000000100000000)
  eden space 113664K, 100% used [0x00000000e0000000,0x00000000e6f00000,0x00000000e6f00000)
  from space 15360K, 99% used [0x00000000e8380000,0x00000000e927fb70,0x00000000e9280000)
  to   space 20992K, 0% used [0x00000000e6f00000,0x00000000e6f00000,0x00000000e8380000)
 ParOldGen       total 58368K, used 31704K [0x00000000a0000000, 0x00000000a3900000, 0x00000000e0000000)
  object space 58368K, 54% used [0x00000000a0000000,0x00000000a1ef6180,0x00000000a3900000)
 Metaspace       used 56439K, capacity 57806K, committed 58024K, reserved 1099776K
  class space    used 7434K, capacity 7783K, committed 7856K, reserved 1048576K
Event: 73.562 GC heap after
Heap after GC invocations=19 (full 2):
 PSYoungGen      total 134656K, used 15829K [0x00000000e0000000, 0x00000000ea900000, 0x0000000100000000)
  eden space 113664K, 0% used [0x00000000e0000000,0x00000000e0000000,0x00000000e6f00000)
  from space 20992K, 75% used [0x00000000e6f00000,0x00000000e7e75740,0x00000000e8380000)
  to   space 22016K, 0% used [0x00000000e9380000,0x00000000e9380000,0x00000000ea900000)
 ParOldGen       total 58368K, used 39838K [0x00000000a0000000, 0x00000000a3900000, 0x00000000e0000000)
  object space 58368K, 68% used [0x00000000a0000000,0x00000000a26e7a58,0x00000000a3900000)
 Metaspace       used 56439K, capacity 57806K, committed 58024K, reserved 1099776K
  class space    used 7434K, capacity 7783K, committed 7856K, reserved 1048576K
}

Deoptimization events (10 events):
Event: 73.441 Thread 0x00000000584b1000 Uncommon trap: reason=bimorphic action=maybe_recompile pc=0x00000000026cac2c method=java.util.Collections.indexedBinarySearch(Ljava/util/List;Ljava/lang/Object;)I @ 39
Event: 73.563 Thread 0x00000000584b1000 Uncommon trap: reason=bimorphic action=maybe_recompile pc=0x00000000026cac2c method=java.util.Collections.indexedBinarySearch(Ljava/util/List;Ljava/lang/Object;)I @ 39
Event: 73.563 Thread 0x00000000584b1000 Uncommon trap: reason=bimorphic action=maybe_recompile pc=0x00000000026cac2c method=java.util.Collections.indexedBinarySearch(Ljava/util/List;Ljava/lang/Object;)I @ 39
Event: 73.563 Thread 0x00000000584b1000 Uncommon trap: reason=bimorphic action=maybe_recompile pc=0x00000000026cac2c method=java.util.Collections.indexedBinarySearch(Ljava/util/List;Ljava/lang/Object;)I @ 39
Event: 73.572 Thread 0x0000000055c2d800 Uncommon trap: reason=unstable_if action=reinterpret pc=0x0000000002efbb7c method=java.util.HashMap$HashIterator.<init>(Ljava/util/HashMap;)V @ 45
Event: 74.818 Thread 0x00000000584b1000 Uncommon trap: reason=bimorphic action=maybe_recompile pc=0x0000000003c26084 method=com.sun.tools.javac.tree.JCTree$JCVariableDecl.accept(Lcom/sun/tools/javac/tree/JCTree$Visitor;)V @ 2
Event: 74.825 Thread 0x00000000584b1000 Uncommon trap: reason=bimorphic action=maybe_recompile pc=0x0000000003c26084 method=com.sun.tools.javac.tree.JCTree$JCVariableDecl.accept(Lcom/sun/tools/javac/tree/JCTree$Visitor;)V @ 2
Event: 74.825 Thread 0x00000000584b1000 Uncommon trap: reason=bimorphic action=maybe_recompile pc=0x0000000003c26084 method=com.sun.tools.javac.tree.JCTree$JCVariableDecl.accept(Lcom/sun/tools/javac/tree/JCTree$Visitor;)V @ 2
Event: 74.825 Thread 0x00000000584b1000 Uncommon trap: reason=unstable_if action=reinterpret pc=0x0000000003c2b250 method=com.sun.tools.javac.comp.MemberEnter.initEnv(Lcom/sun/tools/javac/tree/JCTree$JCVariableDecl;Lcom/sun/tools/javac/comp/Env;)Lcom/sun/tools/javac/comp/Env; @ 34
Event: 74.826 Thread 0x00000000584b1000 Uncommon trap: reason=bimorphic action=maybe_recompile pc=0x0000000003c26084 method=com.sun.tools.javac.tree.JCTree$JCVariableDecl.accept(Lcom/sun/tools/javac/tree/JCTree$Visitor;)V @ 2

Internal exceptions (10 events):
Event: 38.440 Thread 0x00000000584b1000 Exception <a 'java/lang/NoSuchMethodError': <clinit>> (0x00000000e29001f0) thrown at [C:\src\android\AOSP-openjdk\external\jetbrains\jdk\hotspot\src\share\vm\prims\jni.cpp, line 1591]
Event: 38.442 Thread 0x00000000584b1000 Exception <a 'java/lang/NoSuchMethodError': <clinit>> (0x00000000e2918a00) thrown at [C:\src\android\AOSP-openjdk\external\jetbrains\jdk\hotspot\src\share\vm\prims\jni.cpp, line 1591]
Event: 38.442 Thread 0x00000000584b1000 Exception <a 'java/lang/NoSuchMethodError': <clinit>> (0x00000000e2919f18) thrown at [C:\src\android\AOSP-openjdk\external\jetbrains\jdk\hotspot\src\share\vm\prims\jni.cpp, line 1591]
Event: 38.665 Thread 0x00000000584b1000 Exception <a 'java/lang/ClassNotFoundException': com/android/build/gradle/internal/LibraryCache$1BeanInfo> (0x00000000e2aef878) thrown at [C:\src\android\AOSP-openjdk\external\jetbrains\jdk\hotspot\src\share\vm\classfile\systemDictionary.cpp, line 210]
Event: 38.665 Thread 0x00000000584b1000 Exception <a 'java/lang/ClassNotFoundException': com/android/build/gradle/internal/LibraryCache$1Customizer> (0x00000000e2b00110) thrown at [C:\src\android\AOSP-openjdk\external\jetbrains\jdk\hotspot\src\share\vm\classfile\systemDictionary.cpp, line 210]
Event: 48.526 Thread 0x00000000584b1000 Implicit null exception at 0x0000000002d166d7 to 0x0000000002d167c3
Event: 54.601 Thread 0x00000000584b1000 Implicit null exception at 0x0000000003a50640 to 0x0000000003a4f851
Event: 54.601 Thread 0x00000000584b1000 Implicit null exception at 0x0000000003a50640 to 0x0000000003a4f851
Event: 54.621 Thread 0x00000000584b1000 Implicit null exception at 0x0000000003a50640 to 0x0000000003a4f851
Event: 69.382 Thread 0x00000000584b1000 Implicit null exception at 0x0000000003212b98 to 0x0000000003213e35

Events (10 events):
Event: 75.206 loading class javax/tools/StandardLocation$2
Event: 75.206 loading class javax/tools/StandardLocation$2 done
Event: 75.209 loading class com/sun/tools/javac/jvm/ClassWriter$1
Event: 75.209 loading class com/sun/tools/javac/jvm/ClassWriter$1 done
Event: 75.210 loading class com/sun/tools/javac/code/Attribute$RetentionPolicy
Event: 75.210 loading class com/sun/tools/javac/code/Attribute$RetentionPolicy done
Event: 75.211 loading class com/sun/tools/javac/jvm/ClassFile$NameAndType
Event: 75.211 loading class com/sun/tools/javac/jvm/ClassFile$NameAndType done
Event: 75.212 loading class com/sun/tools/javac/jvm/Pool$Variable
Event: 75.212 loading class com/sun/tools/javac/jvm/Pool$Variable done


Dynamic libraries:
0x000000013f2b0000 - 0x000000013f2e1000 	C:\Program Files\Android\Android Studio\jre\bin\java.exe
0x0000000076e00000 - 0x0000000076fa9000 	C:\Windows\SYSTEM32\ntdll.dll
0x0000000076be0000 - 0x0000000076cff000 	C:\Windows\system32\kernel32.dll
0x000007fefd070000 - 0x000007fefd0db000 	C:\Windows\system32\KERNELBASE.dll
0x000007fefd560000 - 0x000007fefd63b000 	C:\Windows\system32\ADVAPI32.dll
0x000007fefecf0000 - 0x000007fefed8f000 	C:\Windows\system32\msvcrt.dll
0x000007fefe930000 - 0x000007fefe94f000 	C:\Windows\SYSTEM32\sechost.dll
0x000007fefd120000 - 0x000007fefd24d000 	C:\Windows\system32\RPCRT4.dll
0x0000000076d00000 - 0x0000000076dfa000 	C:\Windows\system32\USER32.dll
0x000007fefebe0000 - 0x000007fefec47000 	C:\Windows\system32\GDI32.dll
0x000007fefeea0000 - 0x000007fefeeae000 	C:\Windows\system32\LPK.dll
0x000007fefea20000 - 0x000007fefeae9000 	C:\Windows\system32\USP10.dll
0x000007fefb800000 - 0x000007fefb9f4000 	C:\Windows\WinSxS\amd64_microsoft.windows.common-controls_6595b64144ccf1df_6.0.7601.17514_none_fa396087175ac9ac\COMCTL32.dll
0x000007fefd2d0000 - 0x000007fefd341000 	C:\Windows\system32\SHLWAPI.dll
0x000007fefe9f0000 - 0x000007fefea1e000 	C:\Windows\system32\IMM32.DLL
0x000007fefed90000 - 0x000007fefee99000 	C:\Windows\system32\MSCTF.dll
0x000000005d820000 - 0x000000005d8f2000 	C:\Program Files\Android\Android Studio\jre\jre\bin\msvcr100.dll
0x0000000059f40000 - 0x000000005a774000 	C:\Program Files\Android\Android Studio\jre\jre\bin\server\jvm.dll
0x000007fef2dc0000 - 0x000007fef2dc9000 	C:\Windows\system32\WSOCK32.dll
0x000007fefe8e0000 - 0x000007fefe92d000 	C:\Windows\system32\WS2_32.dll
0x000007fefeaf0000 - 0x000007fefeaf8000 	C:\Windows\system32\NSI.dll
0x000007fefa210000 - 0x000007fefa24b000 	C:\Windows\system32\WINMM.dll
0x000007fefbe90000 - 0x000007fefbe9c000 	C:\Windows\system32\VERSION.dll
0x0000000076fc0000 - 0x0000000076fc7000 	C:\Windows\system32\PSAPI.DLL
0x000007fefa830000 - 0x000007fefa83f000 	C:\Program Files\Android\Android Studio\jre\jre\bin\verify.dll
0x000007fef1b40000 - 0x000007fef1b69000 	C:\Program Files\Android\Android Studio\jre\jre\bin\java.dll
0x000007fef5fa0000 - 0x000007fef5fb6000 	C:\Program Files\Android\Android Studio\jre\jre\bin\zip.dll
0x000007fefd7c0000 - 0x000007fefe548000 	C:\Windows\system32\SHELL32.dll
0x000007fefd350000 - 0x000007fefd553000 	C:\Windows\system32\ole32.dll
0x000007fefcd50000 - 0x000007fefcd5f000 	C:\Windows\system32\profapi.dll
0x000007fef5e80000 - 0x000007fef5e9a000 	C:\Program Files\Android\Android Studio\jre\jre\bin\net.dll
0x000007fefc5c0000 - 0x000007fefc615000 	C:\Windows\system32\mswsock.dll
0x000007fefc5b0000 - 0x000007fefc5b7000 	C:\Windows\System32\wship6.dll
0x000007fef1a20000 - 0x000007fef1a31000 	C:\Program Files\Android\Android Studio\jre\jre\bin\nio.dll
0x000007fef0080000 - 0x000007fef0092000 	C:\Users\PB\.gradle\native\19\windows-amd64\native-platform.dll
0x000007fefc620000 - 0x000007fefc637000 	C:\Windows\system32\CRYPTSP.dll
0x000007fefc320000 - 0x000007fefc367000 	C:\Windows\system32\rsaenh.dll
0x000007fefc0a0000 - 0x000007fefc0be000 	C:\Windows\system32\USERENV.dll
0x000007fefcc80000 - 0x000007fefcc8f000 	C:\Windows\system32\CRYPTBASE.dll
0x000007fefa860000 - 0x000007fefa887000 	C:\Windows\system32\IPHLPAPI.DLL
0x000007fefa850000 - 0x000007fefa85b000 	C:\Windows\system32\WINNSI.DLL
0x000007fefa6e0000 - 0x000007fefa6f1000 	C:\Windows\system32\dhcpcsvc6.DLL
0x000007fefa6c0000 - 0x000007fefa6d8000 	C:\Windows\system32\dhcpcsvc.DLL
0x000007fefa700000 - 0x000007fefa70d000 	C:\Program Files\Android\Android Studio\jre\jre\bin\management.dll
0x000007fefcc20000 - 0x000007fefcc77000 	C:\Windows\system32\apphelp.dll
0x000007fef8450000 - 0x000007fef8575000 	C:\Windows\system32\dbghelp.dll

VM Arguments:
jvm_args: -Xmx1536m -Dfile.encoding=windows-1252 -Duser.country=FR -Duser.language=fr -Duser.variant 
java_command: org.gradle.launcher.daemon.bootstrap.GradleDaemon 2.14.1
java_class_path (initial): C:\Program Files\Android\Android Studio\gradle\gradle-2.14.1\lib\gradle-launcher-2.14.1.jar
Launcher Type: SUN_STANDARD

Environment Variables:
PATH=C:\ProgramData\Oracle\Java\javapath;C:\Ruby22-x64\bin;C:\Program Files (x86)\NVIDIA Corporation\PhysX\Common;C:\Windows\system32;C:\Windows;C:\Windows\System32\Wbem;C:\Windows\System32\WindowsPowerShell\v1.0\;C:\Program Files (x86)\Brackets\command
USERNAME=PB
OS=Windows_NT
PROCESSOR_IDENTIFIER=Intel64 Family 6 Model 23 Stepping 10, GenuineIntel



---------------  S Y S T E M  ---------------

OS: Windows 7 , 64 bit Build 7601 (6.1.7601.17514)

CPU:total 2 (2 cores per cpu, 1 threads per core) family 6 model 23 stepping 10, cmov, cx8, fxsr, mmx, sse, sse2, sse3, ssse3, tsc

Memory: 4k page, physical 4193524k(365396k free), swap 8385204k(1772476k free)

vm_info: OpenJDK 64-Bit Server VM (25.76-b03) for windows-amd64 JRE (1.8.0_76-release-b03), built on Jun 29 2016 19:09:20 by "ralucas" with MS VC++ 10.0 (VS2010)

time: Fri Feb 24 19:47:01 2017
elapsed time: 76 seconds (0d 0h 1m 16s)

